Started by user [8mha:////4HCZzfWImOcXIGN7aD59HYhOERYuMZB9dM9wo69rhKsIAAAAnR+LCAAAAAAAAP9b85aBtbiIQTGjNKU4P08vOT+vOD8nVc83PyU1x6OyILUoJzMv2y+/JJUBAhiZGBgqihhk0NSjKDWzXb3RdlLBUSYGJk8GtpzUvPSSDB8G5tKinBIGIZ+sxLJE/ZzEvHT94JKizLx0a6BxUmjGOUNodHsLgAweoBn6pcWpRfpZqXnZmXnFSaWZOSkAiHITRscAAAA=[0mjenkinsbuild
Building in workspace /var/lib/jenkins/workspace/jenkins POC
 > git rev-parse --is-inside-work-tree # timeout=10
Fetching changes from the remote Git repository
 > git config remote.origin.url https://github.com/amritasengar/Employee-Management-System.git # timeout=10
Fetching upstream changes from https://github.com/amritasengar/Employee-Management-System.git
 > git --version # timeout=10
using GIT_ASKPASS to set credentials 
 > git fetch --tags --progress https://github.com/amritasengar/Employee-Management-System.git +refs/heads/*:refs/remotes/origin/*
 > git rev-parse refs/remotes/origin/master^{commit} # timeout=10
 > git rev-parse refs/remotes/origin/origin/master^{commit} # timeout=10
Checking out Revision 70e1fdd8528dfd243d7ff853853db005d04e79ae (refs/remotes/origin/master)
 > git config core.sparsecheckout # timeout=10
 > git checkout -f 70e1fdd8528dfd243d7ff853853db005d04e79ae
Commit message: "Update test"
 > git rev-list --no-walk 70e1fdd8528dfd243d7ff853853db005d04e79ae # timeout=10
FATAL: Failed to install https://repo.maven.apache.org/maven2/org/apache/maven/apache-maven/3.3.9/apache-maven-3.3.9-bin.zip to /usr/share/maven
java.nio.file.FileSystemException: /usr/share/maven/lib/wagon-http-shared.jar: Operation not permitted
	at sun.nio.fs.UnixException.translateToIOException(UnixException.java:91)
	at sun.nio.fs.UnixException.rethrowAsIOException(UnixException.java:102)
	at sun.nio.fs.UnixException.rethrowAsIOException(UnixException.java:107)
	at sun.nio.fs.UnixFileAttributeViews$Posix.setMode(UnixFileAttributeViews.java:238)
	at sun.nio.fs.UnixFileAttributeViews$Posix.setPermissions(UnixFileAttributeViews.java:260)
	at java.nio.file.Files.setPosixFilePermissions(Files.java:2045)
	at hudson.Util.makeWritable(Util.java:318)
	at hudson.Util.tryOnceDeleteFile(Util.java:278)
	at hudson.Util.deleteFile(Util.java:253)
Caused: java.io.IOException: Unable to delete '/usr/share/maven/lib/wagon-http-shared.jar'. Tried 3 times (of a maximum of 3) waiting 0.1 sec between attempts.
	at hudson.Util.deleteFile(Util.java:258)
	at hudson.FilePath.deleteRecursive(FilePath.java:1225)
	at hudson.FilePath.deleteContentsRecursive(FilePath.java:1234)
	at hudson.FilePath.deleteRecursive(FilePath.java:1216)
	at hudson.FilePath.deleteContentsRecursive(FilePath.java:1234)
	at hudson.FilePath.access$1200(FilePath.java:208)
	at hudson.FilePath$14.invoke(FilePath.java:1208)
	at hudson.FilePath$14.invoke(FilePath.java:1205)
	at hudson.FilePath.act(FilePath.java:1009)
	at hudson.FilePath.act(FilePath.java:987)
	at hudson.FilePath.deleteContents(FilePath.java:1205)
	at hudson.FilePath.installIfNecessaryFrom(FilePath.java:831)
Caused: java.io.IOException: Failed to install https://repo.maven.apache.org/maven2/org/apache/maven/apache-maven/3.3.9/apache-maven-3.3.9-bin.zip to /usr/share/maven
	at hudson.FilePath.installIfNecessaryFrom(FilePath.java:867)
	at hudson.FilePath.installIfNecessaryFrom(FilePath.java:775)
	at hudson.tools.DownloadFromUrlInstaller.performInstallation(DownloadFromUrlInstaller.java:77)
	at hudson.tools.InstallerTranslator.getToolHome(InstallerTranslator.java:72)
	at hudson.tools.ToolLocationNodeProperty.getToolHome(ToolLocationNodeProperty.java:109)
	at hudson.tools.ToolInstallation.translateFor(ToolInstallation.java:206)
	at hudson.tasks.Maven$MavenInstallation.forNode(Maven.java:662)
	at hudson.tasks.Maven.perform(Maven.java:317)
	at hudson.tasks.BuildStepMonitor$1.perform(BuildStepMonitor.java:20)
	at hudson.model.AbstractBuild$AbstractBuildExecution.perform(AbstractBuild.java:744)
	at hudson.model.Build$BuildExecution.build(Build.java:206)
	at hudson.model.Build$BuildExecution.doRun(Build.java:163)
	at hudson.model.AbstractBuild$AbstractBuildExecution.run(AbstractBuild.java:504)
	at hudson.model.Run.execute(Run.java:1727)
	at hudson.model.FreeStyleBuild.run(FreeStyleBuild.java:43)
	at hudson.model.ResourceController.execute(ResourceController.java:97)
	at hudson.model.Executor.run(Executor.java:429)
[Cobertura] Publishing Cobertura coverage report...

Recording test results
Finished: FAILURE
