Started by an SCM change
Building in workspace /var/lib/jenkins/workspace/jenkins POC
 > git rev-parse --is-inside-work-tree # timeout=10
Fetching changes from the remote Git repository
 > git config remote.origin.url https://github.com/amritasengar/Employee-Management-System.git # timeout=10
Fetching upstream changes from https://github.com/amritasengar/Employee-Management-System.git
 > git --version # timeout=10
using GIT_ASKPASS to set credentials 
 > git fetch --tags --progress https://github.com/amritasengar/Employee-Management-System.git +refs/heads/*:refs/remotes/origin/*
 > git rev-parse refs/remotes/origin/master^{commit} # timeout=10
 > git rev-parse refs/remotes/origin/origin/master^{commit} # timeout=10
Checking out Revision f91a86b30660865d11d38b06a44ced81222eaac0 (refs/remotes/origin/master)
 > git config core.sparsecheckout # timeout=10
 > git checkout -f f91a86b30660865d11d38b06a44ced81222eaac0
Commit message: "Update pom.xml"
 > git rev-list --no-walk eed2c336d1cfc9ecff38527fd67076c69fd1621d # timeout=10
[jenkins POC] $ /opt/maven/bin/mvn clean install cobertura:cobertura -Dcobertura.report.format=xml
[INFO] Scanning for projects...
[8mha:////4GwEEBCbDmBWPN2Fwswh5sKWoZSFB0qz3+HiBn6Bok9ZAAAAYB+LCAAAAAAAAP9b85aBtbiIQSmjNKU4P0+vJLE4u1gvPjexLDVPzxdEuhYV5Rf55ZekOlc7RKnPKH7IxMBQUcQgBdWQnJ9XnJ+TqucMoUEKGSCAEaSwAACsNFCqYAAAAA==[0m[ERROR] [ERROR] Some problems were encountered while processing the POMs:
[FATAL] Non-parseable POM /var/lib/jenkins/workspace/jenkins POC/pom.xml: expected START_TAG or END_TAG not TEXT (position: TEXT seen ...</dependency>\n\n\t\t#<d... @225:6)  @ line 225, column 6
 @ 
[8mha:////4GwEEBCbDmBWPN2Fwswh5sKWoZSFB0qz3+HiBn6Bok9ZAAAAYB+LCAAAAAAAAP9b85aBtbiIQSmjNKU4P0+vJLE4u1gvPjexLDVPzxdEuhYV5Rf55ZekOlc7RKnPKH7IxMBQUcQgBdWQnJ9XnJ+TqucMoUEKGSCAEaSwAACsNFCqYAAAAA==[0m[ERROR] The build could not read 1 project -> [Help 1]
[8mha:////4GwEEBCbDmBWPN2Fwswh5sKWoZSFB0qz3+HiBn6Bok9ZAAAAYB+LCAAAAAAAAP9b85aBtbiIQSmjNKU4P0+vJLE4u1gvPjexLDVPzxdEuhYV5Rf55ZekOlc7RKnPKH7IxMBQUcQgBdWQnJ9XnJ+TqucMoUEKGSCAEaSwAACsNFCqYAAAAA==[0m[ERROR]   
[8mha:////4GwEEBCbDmBWPN2Fwswh5sKWoZSFB0qz3+HiBn6Bok9ZAAAAYB+LCAAAAAAAAP9b85aBtbiIQSmjNKU4P0+vJLE4u1gvPjexLDVPzxdEuhYV5Rf55ZekOlc7RKnPKH7IxMBQUcQgBdWQnJ9XnJ+TqucMoUEKGSCAEaSwAACsNFCqYAAAAA==[0m[ERROR]   The project  (/var/lib/jenkins/workspace/jenkins POC/pom.xml) has 1 error
[8mha:////4GwEEBCbDmBWPN2Fwswh5sKWoZSFB0qz3+HiBn6Bok9ZAAAAYB+LCAAAAAAAAP9b85aBtbiIQSmjNKU4P0+vJLE4u1gvPjexLDVPzxdEuhYV5Rf55ZekOlc7RKnPKH7IxMBQUcQgBdWQnJ9XnJ+TqucMoUEKGSCAEaSwAACsNFCqYAAAAA==[0m[ERROR]     Non-parseable POM /var/lib/jenkins/workspace/jenkins POC/pom.xml: expected START_TAG or END_TAG not TEXT (position: TEXT seen ...</dependency>\n\n\t\t#<d... @225:6)  @ line 225, column 6 -> [Help 2]
[8mha:////4GwEEBCbDmBWPN2Fwswh5sKWoZSFB0qz3+HiBn6Bok9ZAAAAYB+LCAAAAAAAAP9b85aBtbiIQSmjNKU4P0+vJLE4u1gvPjexLDVPzxdEuhYV5Rf55ZekOlc7RKnPKH7IxMBQUcQgBdWQnJ9XnJ+TqucMoUEKGSCAEaSwAACsNFCqYAAAAA==[0m[ERROR] 
[8mha:////4GwEEBCbDmBWPN2Fwswh5sKWoZSFB0qz3+HiBn6Bok9ZAAAAYB+LCAAAAAAAAP9b85aBtbiIQSmjNKU4P0+vJLE4u1gvPjexLDVPzxdEuhYV5Rf55ZekOlc7RKnPKH7IxMBQUcQgBdWQnJ9XnJ+TqucMoUEKGSCAEaSwAACsNFCqYAAAAA==[0m[ERROR] To see the full stack trace of the errors, re-run Maven with the -e switch.
[8mha:////4GwEEBCbDmBWPN2Fwswh5sKWoZSFB0qz3+HiBn6Bok9ZAAAAYB+LCAAAAAAAAP9b85aBtbiIQSmjNKU4P0+vJLE4u1gvPjexLDVPzxdEuhYV5Rf55ZekOlc7RKnPKH7IxMBQUcQgBdWQnJ9XnJ+TqucMoUEKGSCAEaSwAACsNFCqYAAAAA==[0m[ERROR] Re-run Maven using the -X switch to enable full debug logging.
[8mha:////4GwEEBCbDmBWPN2Fwswh5sKWoZSFB0qz3+HiBn6Bok9ZAAAAYB+LCAAAAAAAAP9b85aBtbiIQSmjNKU4P0+vJLE4u1gvPjexLDVPzxdEuhYV5Rf55ZekOlc7RKnPKH7IxMBQUcQgBdWQnJ9XnJ+TqucMoUEKGSCAEaSwAACsNFCqYAAAAA==[0m[ERROR] 
[8mha:////4GwEEBCbDmBWPN2Fwswh5sKWoZSFB0qz3+HiBn6Bok9ZAAAAYB+LCAAAAAAAAP9b85aBtbiIQSmjNKU4P0+vJLE4u1gvPjexLDVPzxdEuhYV5Rf55ZekOlc7RKnPKH7IxMBQUcQgBdWQnJ9XnJ+TqucMoUEKGSCAEaSwAACsNFCqYAAAAA==[0m[ERROR] For more information about the errors and possible solutions, please read the following articles:
[8mha:////4GwEEBCbDmBWPN2Fwswh5sKWoZSFB0qz3+HiBn6Bok9ZAAAAYB+LCAAAAAAAAP9b85aBtbiIQSmjNKU4P0+vJLE4u1gvPjexLDVPzxdEuhYV5Rf55ZekOlc7RKnPKH7IxMBQUcQgBdWQnJ9XnJ+TqucMoUEKGSCAEaSwAACsNFCqYAAAAA==[0m[ERROR] [Help 1] http://cwiki.apache.org/confluence/display/MAVEN/ProjectBuildingException
[8mha:////4GwEEBCbDmBWPN2Fwswh5sKWoZSFB0qz3+HiBn6Bok9ZAAAAYB+LCAAAAAAAAP9b85aBtbiIQSmjNKU4P0+vJLE4u1gvPjexLDVPzxdEuhYV5Rf55ZekOlc7RKnPKH7IxMBQUcQgBdWQnJ9XnJ+TqucMoUEKGSCAEaSwAACsNFCqYAAAAA==[0m[ERROR] [Help 2] http://cwiki.apache.org/confluence/display/MAVEN/ModelParseException
Build step 'Invoke top-level Maven targets' marked build as failure
[Cobertura] Publishing Cobertura coverage report...

[Cobertura] Publishing Cobertura coverage results...

[Cobertura] Cobertura coverage report found.

Recording test results
ERROR: Step â€˜Publish JUnit test result reportâ€™ failed: Test reports were found but none of them are new. Did leafNodes run? 
For example, /var/lib/jenkins/workspace/jenkins POC/target/surefire-reports/TEST-com.sample.mvc.controllerTest.EmployeeControllerTest.xml is 1 day 20 hr old

Finished: FAILURE
